This is pdfTeX, Version 3.14159265-2.6-1.40.16 (MiKTeX 2.9) (preloaded format=pdflatex 2016.1.15)  26 OCT 2016 22:02
entering extended mode
**Fuzzu_d.tex
(Fuzzu_d.tex
LaTeX2e <2015/01/01> patch level 2
Babel <3.9m> and hyphenation patterns for 69 languages loaded.
(llncs.cls
Document Class: llncs 2015/06/24 v2.20 
 LaTeX document class for Lecture Notes in Computer Science
("C:\Program Files (x86)\MiKTeX 2.9\tex\latex\base\article.cls"
Document Class: article 2014/09/29 v1.4h Standard LaTeX document class
("C:\Program Files (x86)\MiKTeX 2.9\tex\latex\base\size10.clo"
File: size10.clo 2014/09/29 v1.4h Standard LaTeX file (size option)
)
\c@part=\count79
\c@section=\count80
\c@subsection=\count81
\c@subsubsection=\count82
\c@paragraph=\count83
\c@subparagraph=\count84
\c@figure=\count85
\c@table=\count86
\abovecaptionskip=\skip41
\belowcaptionskip=\skip42
\bibindent=\dimen102
)
("C:\Program Files (x86)\MiKTeX 2.9\tex\latex\tools\multicol.sty"
Package: multicol 2015/03/31 v1.8m multicolumn formatting (FMi)
\c@tracingmulticols=\count87
\mult@box=\box26
\multicol@leftmargin=\dimen103
\c@unbalance=\count88
\c@collectmore=\count89
\doublecol@number=\count90
\multicoltolerance=\count91
\multicolpretolerance=\count92
\full@width=\dimen104
\page@free=\dimen105
\premulticols=\dimen106
\postmulticols=\dimen107
\multicolsep=\skip43
\multicolbaselineskip=\skip44
\partial@page=\box27
\last@line=\box28
\maxbalancingoverflow=\dimen108
\mult@rightbox=\box29
\mult@grightbox=\box30
\mult@gfirstbox=\box31
\mult@firstbox=\box32
\@tempa=\box33
\@tempa=\box34
\@tempa=\box35
\@tempa=\box36
\@tempa=\box37
\@tempa=\box38
\@tempa=\box39
\@tempa=\box40
\@tempa=\box41
\@tempa=\box42
\@tempa=\box43
\@tempa=\box44
\@tempa=\box45
\@tempa=\box46
\@tempa=\box47
\@tempa=\box48
\@tempa=\box49
\c@columnbadness=\count93
\c@finalcolumnbadness=\count94
\last@try=\dimen109
\multicolovershoot=\dimen110
\multicolundershoot=\dimen111
\mult@nat@firstbox=\box50
\colbreak@box=\box51
\mc@col@check@num=\count95
)
(aliascnt.sty
Package: aliascnt 2009/09/08 v1.3 Alias counter (HO)
 (remreset.sty))
\c@chapter=\count96
LaTeX Font Info:    Redeclaring math symbol \Gamma on input line 362.
LaTeX Font Info:    Redeclaring math symbol \Delta on input line 363.
LaTeX Font Info:    Redeclaring math symbol \Theta on input line 364.
LaTeX Font Info:    Redeclaring math symbol \Lambda on input line 365.
LaTeX Font Info:    Redeclaring math symbol \Xi on input line 366.
LaTeX Font Info:    Redeclaring math symbol \Pi on input line 367.
LaTeX Font Info:    Redeclaring math symbol \Sigma on input line 368.
LaTeX Font Info:    Redeclaring math symbol \Upsilon on input line 369.
LaTeX Font Info:    Redeclaring math symbol \Phi on input line 370.
LaTeX Font Info:    Redeclaring math symbol \Psi on input line 371.
LaTeX Font Info:    Redeclaring math symbol \Omega on input line 372.
\tocchpnum=\dimen112
\tocsecnum=\dimen113
\tocsectotal=\dimen114
\tocsubsecnum=\dimen115
\tocsubsectotal=\dimen116
\tocsubsubsecnum=\dimen117
\tocsubsubsectotal=\dimen118
\tocparanum=\dimen119
\tocparatotal=\dimen120
\tocsubparanum=\dimen121
\@tempcntc=\count97
\fnindent=\dimen122
\c@@inst=\count98
\c@@auth=\count99
\c@auco=\count100
\instindent=\dimen123
\authrun=\box52
\authorrunning=\toks14
\tocauthor=\toks15
\titrun=\box53
\titlerunning=\toks16
\toctitle=\toks17
\c@theorem=\count101
\c@case=\count102
\c@conjecture=\count103
\c@corollary=\count104
\c@definition=\count105
\c@example=\count106
\c@exercise=\count107
\c@lemma=\count108
\c@note=\count109
\c@problem=\count110
\c@property=\count111
\c@proposition=\count112
\c@question=\count113
\c@solution=\count114
\c@remark=\count115
\headlineindent=\dimen124
)
("C:\Program Files (x86)\MiKTeX 2.9\tex\latex\base\makeidx.sty"
Package: makeidx 2014/09/29 v1.0m Standard LaTeX package
)
("C:\Program Files (x86)\MiKTeX 2.9\tex\latex\amsmath\amsmath.sty"
Package: amsmath 2013/01/14 v2.14 AMS math features
\@mathmargin=\skip45

For additional information on amsmath, use the `?' option.
("C:\Program Files (x86)\MiKTeX 2.9\tex\latex\amsmath\amstext.sty"
Package: amstext 2000/06/29 v2.01

("C:\Program Files (x86)\MiKTeX 2.9\tex\latex\amsmath\amsgen.sty"
File: amsgen.sty 1999/11/30 v2.0
\@emptytoks=\toks18
\ex@=\dimen125
))
("C:\Program Files (x86)\MiKTeX 2.9\tex\latex\amsmath\amsbsy.sty"
Package: amsbsy 1999/11/29 v1.2d
\pmbraise@=\dimen126
)
("C:\Program Files (x86)\MiKTeX 2.9\tex\latex\amsmath\amsopn.sty"
Package: amsopn 1999/12/14 v2.01 operator names
)
\inf@bad=\count116
LaTeX Info: Redefining \frac on input line 210.
\uproot@=\count117
\leftroot@=\count118
LaTeX Info: Redefining \overline on input line 306.
\classnum@=\count119
\DOTSCASE@=\count120
LaTeX Info: Redefining \ldots on input line 378.
LaTeX Info: Redefining \dots on input line 381.
LaTeX Info: Redefining \cdots on input line 466.
\Mathstrutbox@=\box54
\strutbox@=\box55
\big@size=\dimen127
LaTeX Font Info:    Redeclaring font encoding OML on input line 566.
LaTeX Font Info:    Redeclaring font encoding OMS on input line 567.


Package amsmath Warning: Unable to redefine math accent \vec.

\macc@depth=\count121
\c@MaxMatrixCols=\count122
\dotsspace@=\muskip10
\c@parentequation=\count123
\dspbrk@lvl=\count124
\tag@help=\toks19
\row@=\count125
\column@=\count126
\maxfields@=\count127
\andhelp@=\toks20
\eqnshift@=\dimen128
\alignsep@=\dimen129
\tagshift@=\dimen130
\tagwidth@=\dimen131
\totwidth@=\dimen132
\lineht@=\dimen133
\@envbody=\toks21
\multlinegap=\skip46
\multlinetaggap=\skip47
\mathdisplay@stack=\toks22
LaTeX Info: Redefining \[ on input line 2665.
LaTeX Info: Redefining \] on input line 2666.
) ("C:\Program Files (x86)\MiKTeX 2.9\tex\latex\graphics\graphicx.sty"
Package: graphicx 2014/10/28 v1.0g Enhanced LaTeX Graphics (DPC,SPQR)

("C:\Program Files (x86)\MiKTeX 2.9\tex\latex\graphics\keyval.sty"
Package: keyval 2014/10/28 v1.15 key=value parser (DPC)
\KV@toks@=\toks23
)
("C:\Program Files (x86)\MiKTeX 2.9\tex\latex\graphics\graphics.sty"
Package: graphics 2014/10/28 v1.0p Standard LaTeX Graphics (DPC,SPQR)

("C:\Program Files (x86)\MiKTeX 2.9\tex\latex\graphics\trig.sty"
Package: trig 1999/03/16 v1.09 sin cos tan (DPC)
)
("C:\Program Files (x86)\MiKTeX 2.9\tex\latex\00miktex\graphics.cfg"
File: graphics.cfg 2007/01/18 v1.5 graphics configuration of teTeX/TeXLive
)
Package graphics Info: Driver file: pdftex.def on input line 94.

("C:\Program Files (x86)\MiKTeX 2.9\tex\latex\pdftex-def\pdftex.def"
File: pdftex.def 2011/05/27 v0.06d Graphics/color for pdfTeX

("C:\Program Files (x86)\MiKTeX 2.9\tex\generic\oberdiek\infwarerr.sty"
Package: infwarerr 2010/04/08 v1.3 Providing info/warning/error messages (HO)
)
("C:\Program Files (x86)\MiKTeX 2.9\tex\generic\oberdiek\ltxcmds.sty"
Package: ltxcmds 2011/11/09 v1.22 LaTeX kernel commands for general use (HO)
)
\Gread@gobject=\count128
))
\Gin@req@height=\dimen134
\Gin@req@width=\dimen135
)
("C:\Program Files (x86)\MiKTeX 2.9\tex\latex\pgfplots\pgfplots.sty"
("C:\Program Files (x86)\MiKTeX 2.9\tex\generic\pgfplots\pgfplots.revision.tex"
)
Package: pgfplots 2016/01/06 v1.13 Data Visualization (1.13)
 ("C:\Program Files (x86)\MiKTeX 2.9\tex\latex\pgf\frontendlayer\tikz.sty"
("C:\Program Files (x86)\MiKTeX 2.9\tex\latex\pgf\basiclayer\pgf.sty"
("C:\Program Files (x86)\MiKTeX 2.9\tex\latex\pgf\utilities\pgfrcs.sty"
("C:\Program Files (x86)\MiKTeX 2.9\tex\generic\pgf\utilities\pgfutil-common.te
x"
\pgfutil@everybye=\toks24
\pgfutil@tempdima=\dimen136
\pgfutil@tempdimb=\dimen137

("C:\Program Files (x86)\MiKTeX 2.9\tex\generic\pgf\utilities\pgfutil-common-li
sts.tex"))
("C:\Program Files (x86)\MiKTeX 2.9\tex\generic\pgf\utilities\pgfutil-latex.def
"
\pgfutil@abb=\box56
 ("C:\Program Files (x86)\MiKTeX 2.9\tex\latex\ms\everyshi.sty"
Package: everyshi 2001/05/15 v3.00 EveryShipout Package (MS)
))
("C:\Program Files (x86)\MiKTeX 2.9\tex\generic\pgf\utilities\pgfrcs.code.tex"
Package: pgfrcs 2015/08/07 v3.0.1a (rcs-revision 1.31)
))
Package: pgf 2015/08/07 v3.0.1a (rcs-revision 1.15)
 ("C:\Program Files (x86)\MiKTeX 2.9\tex\latex\pgf\basiclayer\pgfcore.sty"
("C:\Program Files (x86)\MiKTeX 2.9\tex\latex\pgf\systemlayer\pgfsys.sty"
("C:\Program Files (x86)\MiKTeX 2.9\tex\generic\pgf\systemlayer\pgfsys.code.tex
"
Package: pgfsys 2014/07/09 v3.0.1a (rcs-revision 1.48)
 ("C:\Program Files (x86)\MiKTeX 2.9\tex\generic\pgf\utilities\pgfkeys.code.tex
"
\pgfkeys@pathtoks=\toks25
\pgfkeys@temptoks=\toks26

("C:\Program Files (x86)\MiKTeX 2.9\tex\generic\pgf\utilities\pgfkeysfiltered.c
ode.tex"
\pgfkeys@tmptoks=\toks27
))
\pgf@x=\dimen138
\pgf@y=\dimen139
\pgf@xa=\dimen140
\pgf@ya=\dimen141
\pgf@xb=\dimen142
\pgf@yb=\dimen143
\pgf@xc=\dimen144
\pgf@yc=\dimen145
\w@pgf@writea=\write3
\r@pgf@reada=\read1
\c@pgf@counta=\count129
\c@pgf@countb=\count130
\c@pgf@countc=\count131
\c@pgf@countd=\count132
\t@pgf@toka=\toks28
\t@pgf@tokb=\toks29
\t@pgf@tokc=\toks30

("C:\Program Files (x86)\MiKTeX 2.9\tex\generic\pgf\systemlayer\pgf.cfg"
File: pgf.cfg 2008/05/14  (rcs-revision 1.7)
)
Driver file for pgf: pgfsys-pdftex.def

("C:\Program Files (x86)\MiKTeX 2.9\tex\generic\pgf\systemlayer\pgfsys-pdftex.d
ef"
File: pgfsys-pdftex.def 2014/10/11  (rcs-revision 1.35)

("C:\Program Files (x86)\MiKTeX 2.9\tex\generic\pgf\systemlayer\pgfsys-common-p
df.def"
File: pgfsys-common-pdf.def 2013/10/10  (rcs-revision 1.13)
)))
("C:\Program Files (x86)\MiKTeX 2.9\tex\generic\pgf\systemlayer\pgfsyssoftpath.
code.tex"
File: pgfsyssoftpath.code.tex 2013/09/09  (rcs-revision 1.9)
\pgfsyssoftpath@smallbuffer@items=\count133
\pgfsyssoftpath@bigbuffer@items=\count134
)
("C:\Program Files (x86)\MiKTeX 2.9\tex\generic\pgf\systemlayer\pgfsysprotocol.
code.tex"
File: pgfsysprotocol.code.tex 2006/10/16  (rcs-revision 1.4)
)) ("C:\Program Files (x86)\MiKTeX 2.9\tex\latex\xcolor\xcolor.sty"
Package: xcolor 2007/01/21 v2.11 LaTeX color extensions (UK)

("C:\Program Files (x86)\MiKTeX 2.9\tex\latex\00miktex\color.cfg"
File: color.cfg 2007/01/18 v1.5 color configuration of teTeX/TeXLive
)
Package xcolor Info: Driver file: pdftex.def on input line 225.
Package xcolor Info: Model `cmy' substituted by `cmy0' on input line 1337.
Package xcolor Info: Model `hsb' substituted by `rgb' on input line 1341.
Package xcolor Info: Model `RGB' extended on input line 1353.
Package xcolor Info: Model `HTML' substituted by `rgb' on input line 1355.
Package xcolor Info: Model `Hsb' substituted by `hsb' on input line 1356.
Package xcolor Info: Model `tHsb' substituted by `hsb' on input line 1357.
Package xcolor Info: Model `HSB' substituted by `hsb' on input line 1358.
Package xcolor Info: Model `Gray' substituted by `gray' on input line 1359.
Package xcolor Info: Model `wave' substituted by `hsb' on input line 1360.
)
("C:\Program Files (x86)\MiKTeX 2.9\tex\generic\pgf\basiclayer\pgfcore.code.tex
"
Package: pgfcore 2010/04/11 v3.0.1a (rcs-revision 1.7)
 ("C:\Program Files (x86)\MiKTeX 2.9\tex\generic\pgf\math\pgfmath.code.tex"
("C:\Program Files (x86)\MiKTeX 2.9\tex\generic\pgf\math\pgfmathcalc.code.tex"
("C:\Program Files (x86)\MiKTeX 2.9\tex\generic\pgf\math\pgfmathutil.code.tex")
("C:\Program Files (x86)\MiKTeX 2.9\tex\generic\pgf\math\pgfmathparser.code.tex
"
\pgfmath@dimen=\dimen146
\pgfmath@count=\count135
\pgfmath@box=\box57
\pgfmath@toks=\toks31
\pgfmath@stack@operand=\toks32
\pgfmath@stack@operation=\toks33
)
("C:\Program Files (x86)\MiKTeX 2.9\tex\generic\pgf\math\pgfmathfunctions.code.
tex"
("C:\Program Files (x86)\MiKTeX 2.9\tex\generic\pgf\math\pgfmathfunctions.basic
.code.tex")
("C:\Program Files (x86)\MiKTeX 2.9\tex\generic\pgf\math\pgfmathfunctions.trigo
nometric.code.tex")
("C:\Program Files (x86)\MiKTeX 2.9\tex\generic\pgf\math\pgfmathfunctions.rando
m.code.tex")
("C:\Program Files (x86)\MiKTeX 2.9\tex\generic\pgf\math\pgfmathfunctions.compa
rison.code.tex")
("C:\Program Files (x86)\MiKTeX 2.9\tex\generic\pgf\math\pgfmathfunctions.base.
code.tex")
("C:\Program Files (x86)\MiKTeX 2.9\tex\generic\pgf\math\pgfmathfunctions.round
.code.tex")
("C:\Program Files (x86)\MiKTeX 2.9\tex\generic\pgf\math\pgfmathfunctions.misc.
code.tex")
("C:\Program Files (x86)\MiKTeX 2.9\tex\generic\pgf\math\pgfmathfunctions.integ
erarithmetics.code.tex")))
("C:\Program Files (x86)\MiKTeX 2.9\tex\generic\pgf\math\pgfmathfloat.code.tex"
\c@pgfmathroundto@lastzeros=\count136
))
("C:\Program Files (x86)\MiKTeX 2.9\tex\generic\pgf\basiclayer\pgfcorepoints.co
de.tex"
File: pgfcorepoints.code.tex 2013/10/07  (rcs-revision 1.27)
\pgf@picminx=\dimen147
\pgf@picmaxx=\dimen148
\pgf@picminy=\dimen149
\pgf@picmaxy=\dimen150
\pgf@pathminx=\dimen151
\pgf@pathmaxx=\dimen152
\pgf@pathminy=\dimen153
\pgf@pathmaxy=\dimen154
\pgf@xx=\dimen155
\pgf@xy=\dimen156
\pgf@yx=\dimen157
\pgf@yy=\dimen158
\pgf@zx=\dimen159
\pgf@zy=\dimen160
)
("C:\Program Files (x86)\MiKTeX 2.9\tex\generic\pgf\basiclayer\pgfcorepathconst
ruct.code.tex"
File: pgfcorepathconstruct.code.tex 2013/10/07  (rcs-revision 1.29)
\pgf@path@lastx=\dimen161
\pgf@path@lasty=\dimen162
)
("C:\Program Files (x86)\MiKTeX 2.9\tex\generic\pgf\basiclayer\pgfcorepathusage
.code.tex"
File: pgfcorepathusage.code.tex 2014/11/02  (rcs-revision 1.24)
\pgf@shorten@end@additional=\dimen163
\pgf@shorten@start@additional=\dimen164
)
("C:\Program Files (x86)\MiKTeX 2.9\tex\generic\pgf\basiclayer\pgfcorescopes.co
de.tex"
File: pgfcorescopes.code.tex 2015/05/08  (rcs-revision 1.46)
\pgfpic=\box58
\pgf@hbox=\box59
\pgf@layerbox@main=\box60
\pgf@picture@serial@count=\count137
)
("C:\Program Files (x86)\MiKTeX 2.9\tex\generic\pgf\basiclayer\pgfcoregraphicst
ate.code.tex"
File: pgfcoregraphicstate.code.tex 2014/11/02  (rcs-revision 1.12)
\pgflinewidth=\dimen165
)
("C:\Program Files (x86)\MiKTeX 2.9\tex\generic\pgf\basiclayer\pgfcoretransform
ations.code.tex"
File: pgfcoretransformations.code.tex 2015/08/07  (rcs-revision 1.20)
\pgf@pt@x=\dimen166
\pgf@pt@y=\dimen167
\pgf@pt@temp=\dimen168
)
("C:\Program Files (x86)\MiKTeX 2.9\tex\generic\pgf\basiclayer\pgfcorequick.cod
e.tex"
File: pgfcorequick.code.tex 2008/10/09  (rcs-revision 1.3)
)
("C:\Program Files (x86)\MiKTeX 2.9\tex\generic\pgf\basiclayer\pgfcoreobjects.c
ode.tex"
File: pgfcoreobjects.code.tex 2006/10/11  (rcs-revision 1.2)
)
("C:\Program Files (x86)\MiKTeX 2.9\tex\generic\pgf\basiclayer\pgfcorepathproce
ssing.code.tex"
File: pgfcorepathprocessing.code.tex 2013/09/09  (rcs-revision 1.9)
)
("C:\Program Files (x86)\MiKTeX 2.9\tex\generic\pgf\basiclayer\pgfcorearrows.co
de.tex"
File: pgfcorearrows.code.tex 2015/05/14  (rcs-revision 1.43)
\pgfarrowsep=\dimen169
)
("C:\Program Files (x86)\MiKTeX 2.9\tex\generic\pgf\basiclayer\pgfcoreshade.cod
e.tex"
File: pgfcoreshade.code.tex 2013/07/15  (rcs-revision 1.15)
\pgf@max=\dimen170
\pgf@sys@shading@range@num=\count138
)
("C:\Program Files (x86)\MiKTeX 2.9\tex\generic\pgf\basiclayer\pgfcoreimage.cod
e.tex"
File: pgfcoreimage.code.tex 2013/07/15  (rcs-revision 1.18)

("C:\Program Files (x86)\MiKTeX 2.9\tex\generic\pgf\basiclayer\pgfcoreexternal.
code.tex"
File: pgfcoreexternal.code.tex 2014/07/09  (rcs-revision 1.21)
\pgfexternal@startupbox=\box61
))
("C:\Program Files (x86)\MiKTeX 2.9\tex\generic\pgf\basiclayer\pgfcorelayers.co
de.tex"
File: pgfcorelayers.code.tex 2013/07/18  (rcs-revision 1.7)
)
("C:\Program Files (x86)\MiKTeX 2.9\tex\generic\pgf\basiclayer\pgfcoretranspare
ncy.code.tex"
File: pgfcoretransparency.code.tex 2013/09/30  (rcs-revision 1.5)
)
("C:\Program Files (x86)\MiKTeX 2.9\tex\generic\pgf\basiclayer\pgfcorepatterns.
code.tex"
File: pgfcorepatterns.code.tex 2013/11/07  (rcs-revision 1.5)
)))
("C:\Program Files (x86)\MiKTeX 2.9\tex\generic\pgf\modules\pgfmoduleshapes.cod
e.tex"
File: pgfmoduleshapes.code.tex 2014/03/21  (rcs-revision 1.35)
\pgfnodeparttextbox=\box62
)
("C:\Program Files (x86)\MiKTeX 2.9\tex\generic\pgf\modules\pgfmoduleplot.code.
tex"
File: pgfmoduleplot.code.tex 2015/08/03  (rcs-revision 1.13)
)
("C:\Program Files (x86)\MiKTeX 2.9\tex\latex\pgf\compatibility\pgfcomp-version
-0-65.sty"
Package: pgfcomp-version-0-65 2007/07/03 v3.0.1a (rcs-revision 1.7)
\pgf@nodesepstart=\dimen171
\pgf@nodesepend=\dimen172
)
("C:\Program Files (x86)\MiKTeX 2.9\tex\latex\pgf\compatibility\pgfcomp-version
-1-18.sty"
Package: pgfcomp-version-1-18 2007/07/23 v3.0.1a (rcs-revision 1.1)
))
("C:\Program Files (x86)\MiKTeX 2.9\tex\latex\pgf\utilities\pgffor.sty"
("C:\Program Files (x86)\MiKTeX 2.9\tex\latex\pgf\utilities\pgfkeys.sty"
("C:\Program Files (x86)\MiKTeX 2.9\tex\generic\pgf\utilities\pgfkeys.code.tex"
)) ("C:\Program Files (x86)\MiKTeX 2.9\tex\latex\pgf\math\pgfmath.sty"
("C:\Program Files (x86)\MiKTeX 2.9\tex\generic\pgf\math\pgfmath.code.tex"))
("C:\Program Files (x86)\MiKTeX 2.9\tex\generic\pgf\utilities\pgffor.code.tex"
Package: pgffor 2013/12/13 v3.0.1a (rcs-revision 1.25)

("C:\Program Files (x86)\MiKTeX 2.9\tex\generic\pgf\math\pgfmath.code.tex")
\pgffor@iter=\dimen173
\pgffor@skip=\dimen174
\pgffor@stack=\toks34
\pgffor@toks=\toks35
))
("C:\Program Files (x86)\MiKTeX 2.9\tex\generic\pgf\frontendlayer\tikz\tikz.cod
e.tex"
Package: tikz 2015/08/07 v3.0.1a (rcs-revision 1.151)

("C:\Program Files (x86)\MiKTeX 2.9\tex\generic\pgf\libraries\pgflibraryplothan
dlers.code.tex"
File: pgflibraryplothandlers.code.tex 2013/08/31 v3.0.1a (rcs-revision 1.20)
\pgf@plot@mark@count=\count139
\pgfplotmarksize=\dimen175
)
\tikz@lastx=\dimen176
\tikz@lasty=\dimen177
\tikz@lastxsaved=\dimen178
\tikz@lastysaved=\dimen179
\tikzleveldistance=\dimen180
\tikzsiblingdistance=\dimen181
\tikz@figbox=\box63
\tikz@figbox@bg=\box64
\tikz@tempbox=\box65
\tikz@tempbox@bg=\box66
\tikztreelevel=\count140
\tikznumberofchildren=\count141
\tikznumberofcurrentchild=\count142
\tikz@fig@count=\count143

("C:\Program Files (x86)\MiKTeX 2.9\tex\generic\pgf\modules\pgfmodulematrix.cod
e.tex"
File: pgfmodulematrix.code.tex 2013/09/17  (rcs-revision 1.8)
\pgfmatrixcurrentrow=\count144
\pgfmatrixcurrentcolumn=\count145
\pgf@matrix@numberofcolumns=\count146
)
\tikz@expandcount=\count147

("C:\Program Files (x86)\MiKTeX 2.9\tex\generic\pgf\frontendlayer\tikz\librarie
s\tikzlibrarytopaths.code.tex"
File: tikzlibrarytopaths.code.tex 2008/06/17 v3.0.1a (rcs-revision 1.2)
)))
("C:\Program Files (x86)\MiKTeX 2.9\tex\generic\pgfplots\pgfplots.code.tex"
("C:\Program Files (x86)\MiKTeX 2.9\tex\generic\pgfplots\pgfplotscore.code.tex"
\t@pgfplots@toka=\toks36
\t@pgfplots@tokb=\toks37
\t@pgfplots@tokc=\toks38
\pgfplots@tmpa=\dimen182
\c@pgfplots@coordindex=\count148
\c@pgfplots@scanlineindex=\count149

("C:\Program Files (x86)\MiKTeX 2.9\tex\generic\pgfplots\sys\pgfplotssysgeneric
.code.tex"))
("C:\Program Files (x86)\MiKTeX 2.9\tex\generic\pgfplots\libs\pgfplotslibrary.c
ode.tex")
("C:\Program Files (x86)\MiKTeX 2.9\tex\generic\pgfplots\oldpgfcompatib\pgfplot
soldpgfsupp_loader.code.tex"
("C:\Program Files (x86)\MiKTeX 2.9\tex\generic\pgf\libraries\pgflibraryfpu.cod
e.tex")
Package pgfplots: loading complementary arithmetics for your pgf version...

("C:\Program Files (x86)\MiKTeX 2.9\tex\generic\pgfplots\oldpgfcompatib\pgfplot
soldpgfsupp_pgflibraryfpu.code.tex")
("C:\Program Files (x86)\MiKTeX 2.9\tex\generic\pgfplots\oldpgfcompatib\pgfplot
soldpgfsupp_pgfmathfloat.code.tex"
\c@pgfmathroundto@lastzeros=\count150
))
("C:\Program Files (x86)\MiKTeX 2.9\tex\generic\pgfplots\util\pgfplotsutil.code
.tex"
("C:\Program Files (x86)\MiKTeX 2.9\tex\generic\pgfplots\liststructure\pgfplots
liststructure.code.tex")
("C:\Program Files (x86)\MiKTeX 2.9\tex\generic\pgfplots\liststructure\pgfplots
liststructureext.code.tex")
("C:\Program Files (x86)\MiKTeX 2.9\tex\generic\pgfplots\liststructure\pgfplots
array.code.tex"
\c@pgfplotsarray@tmp=\count151
)
("C:\Program Files (x86)\MiKTeX 2.9\tex\generic\pgfplots\liststructure\pgfplots
matrix.code.tex")
("C:\Program Files (x86)\MiKTeX 2.9\tex\generic\pgfplots\numtable\pgfplotstable
shared.code.tex"
\c@pgfplotstable@counta=\count152
\t@pgfplotstable@a=\toks39
)
("C:\Program Files (x86)\MiKTeX 2.9\tex\generic\pgfplots\liststructure\pgfplots
deque.code.tex")
("C:\Program Files (x86)\MiKTeX 2.9\tex\generic\pgfplots\util\pgfplotsbinary.co
de.tex"
("C:\Program Files (x86)\MiKTeX 2.9\tex\generic\pgfplots\util\pgfplotsbinary.da
ta.code.tex"))
("C:\Program Files (x86)\MiKTeX 2.9\tex\generic\pgfplots\util\pgfplotsutil.verb
.code.tex")
("C:\Program Files (x86)\MiKTeX 2.9\tex\generic\pgfplots\libs\pgflibrarypgfplot
s.surfshading.code.tex"
\c@pgfplotslibrarysurf@no=\count153

("C:\Program Files (x86)\MiKTeX 2.9\tex\generic\pgfplots\sys\pgflibrarypgfplots
.surfshading.pgfsys-pdftex.def")))
("C:\Program Files (x86)\MiKTeX 2.9\tex\generic\pgfplots\util\pgfplotscolormap.
code.tex"
("C:\Program Files (x86)\MiKTeX 2.9\tex\generic\pgfplots\util\pgfplotscolor.cod
e.tex"))
("C:\Program Files (x86)\MiKTeX 2.9\tex\generic\pgfplots\pgfplotsstackedplots.c
ode.tex")
("C:\Program Files (x86)\MiKTeX 2.9\tex\generic\pgfplots\pgfplotsplothandlers.c
ode.tex"
("C:\Program Files (x86)\MiKTeX 2.9\tex\generic\pgfplots\pgfplotsmeshplothandle
r.code.tex"
("C:\Program Files (x86)\MiKTeX 2.9\tex\generic\pgfplots\pgfplotsmeshplotimage.
code.tex")))
("C:\Program Files (x86)\MiKTeX 2.9\tex\generic\pgfplots\pgfplots.scaling.code.
tex")
("C:\Program Files (x86)\MiKTeX 2.9\tex\generic\pgfplots\pgfplotscoordprocessin
g.code.tex")
("C:\Program Files (x86)\MiKTeX 2.9\tex\generic\pgfplots\pgfplots.errorbars.cod
e.tex")
("C:\Program Files (x86)\MiKTeX 2.9\tex\generic\pgfplots\pgfplots.markers.code.
tex")
("C:\Program Files (x86)\MiKTeX 2.9\tex\generic\pgfplots\pgfplotsticks.code.tex
")
("C:\Program Files (x86)\MiKTeX 2.9\tex\generic\pgfplots\pgfplots.paths.code.te
x")
("C:\Program Files (x86)\MiKTeX 2.9\tex\generic\pgf\frontendlayer\tikz\librarie
s\tikzlibrarydecorations.code.tex"
("C:\Program Files (x86)\MiKTeX 2.9\tex\generic\pgf\modules\pgfmoduledecoration
s.code.tex"
\pgfdecoratedcompleteddistance=\dimen183
\pgfdecoratedremainingdistance=\dimen184
\pgfdecoratedinputsegmentcompleteddistance=\dimen185
\pgfdecoratedinputsegmentremainingdistance=\dimen186
\pgf@decorate@distancetomove=\dimen187
\pgf@decorate@repeatstate=\count154
\pgfdecorationsegmentamplitude=\dimen188
\pgfdecorationsegmentlength=\dimen189
)
\tikz@lib@dec@box=\box67
)
("C:\Program Files (x86)\MiKTeX 2.9\tex\generic\pgf\frontendlayer\tikz\librarie
s\tikzlibrarydecorations.pathmorphing.code.tex"
("C:\Program Files (x86)\MiKTeX 2.9\tex\generic\pgf\libraries\decorations\pgfli
brarydecorations.pathmorphing.code.tex"))
("C:\Program Files (x86)\MiKTeX 2.9\tex\generic\pgf\frontendlayer\tikz\librarie
s\tikzlibrarydecorations.pathreplacing.code.tex"
("C:\Program Files (x86)\MiKTeX 2.9\tex\generic\pgf\libraries\decorations\pgfli
brarydecorations.pathreplacing.code.tex"))
\pgfplots@numplots=\count155
\pgfplots@xmin@reg=\dimen190
\pgfplots@xmax@reg=\dimen191
\pgfplots@ymin@reg=\dimen192
\pgfplots@ymax@reg=\dimen193
\pgfplots@zmin@reg=\dimen194
\pgfplots@zmax@reg=\dimen195
)
("C:\Program Files (x86)\MiKTeX 2.9\tex\generic\pgf\frontendlayer\tikz\librarie
s\tikzlibraryplotmarks.code.tex"
File: tikzlibraryplotmarks.code.tex 2008/01/09 v3.0.1a (rcs-revision 1.1)

("C:\Program Files (x86)\MiKTeX 2.9\tex\generic\pgf\libraries\pgflibraryplotmar
ks.code.tex"
File: pgflibraryplotmarks.code.tex 2015/08/03 v3.0.1a (rcs-revision 1.14)
)))
("C:\Program Files (x86)\MiKTeX 2.9\tex\generic\pgf\frontendlayer\tikz\librarie
s\tikzlibraryshapes.code.tex"
File: tikzlibraryshapes.code.tex 2008/01/09 v3.0.1a (rcs-revision 1.1)

("C:\Program Files (x86)\MiKTeX 2.9\tex\generic\pgf\frontendlayer\tikz\librarie
s\tikzlibraryshapes.geometric.code.tex"
File: tikzlibraryshapes.geometric.code.tex 2008/01/09 v3.0.1a (rcs-revision 1.1
)

("C:\Program Files (x86)\MiKTeX 2.9\tex\generic\pgf\libraries\shapes\pgflibrary
shapes.geometric.code.tex"
File: pgflibraryshapes.geometric.code.tex 2008/06/26 v3.0.1a (rcs-revision 1.1)

))
("C:\Program Files (x86)\MiKTeX 2.9\tex\generic\pgf\frontendlayer\tikz\librarie
s\tikzlibraryshapes.misc.code.tex"
File: tikzlibraryshapes.misc.code.tex 2008/01/09 v3.0.1a (rcs-revision 1.1)

("C:\Program Files (x86)\MiKTeX 2.9\tex\generic\pgf\libraries\shapes\pgflibrary
shapes.misc.code.tex"
File: pgflibraryshapes.misc.code.tex 2013/07/18 v3.0.1a (rcs-revision 1.5)
))
("C:\Program Files (x86)\MiKTeX 2.9\tex\generic\pgf\frontendlayer\tikz\librarie
s\tikzlibraryshapes.symbols.code.tex"
File: tikzlibraryshapes.symbols.code.tex 2008/01/09 v3.0.1a (rcs-revision 1.1)

("C:\Program Files (x86)\MiKTeX 2.9\tex\generic\pgf\libraries\shapes\pgflibrary
shapes.symbols.code.tex"
File: pgflibraryshapes.symbols.code.tex 2013/09/11 v3.0.1a (rcs-revision 1.6)
))
("C:\Program Files (x86)\MiKTeX 2.9\tex\generic\pgf\frontendlayer\tikz\librarie
s\tikzlibraryshapes.arrows.code.tex"
File: tikzlibraryshapes.arrows.code.tex 2008/01/09 v3.0.1a (rcs-revision 1.1)

("C:\Program Files (x86)\MiKTeX 2.9\tex\generic\pgf\libraries\shapes\pgflibrary
shapes.arrows.code.tex"
File: pgflibraryshapes.arrows.code.tex 2008/06/26 v3.0.1a (rcs-revision 1.1)
))
("C:\Program Files (x86)\MiKTeX 2.9\tex\generic\pgf\frontendlayer\tikz\librarie
s\tikzlibraryshapes.callouts.code.tex"
("C:\Program Files (x86)\MiKTeX 2.9\tex\generic\pgf\libraries\shapes\pgflibrary
shapes.callouts.code.tex"))
("C:\Program Files (x86)\MiKTeX 2.9\tex\generic\pgf\frontendlayer\tikz\librarie
s\tikzlibraryshapes.multipart.code.tex"
File: tikzlibraryshapes.multipart.code.tex 2008/01/09 v3.0.1a (rcs-revision 1.1
)

("C:\Program Files (x86)\MiKTeX 2.9\tex\generic\pgf\libraries\shapes\pgflibrary
shapes.multipart.code.tex"
File: pgflibraryshapes.multipart.code.tex 2010/01/07 v3.0.1a (rcs-revision 1.2)

\pgfnodepartlowerbox=\box68
\pgfnodeparttwobox=\box69
\pgfnodepartthreebox=\box70
\pgfnodepartfourbox=\box71
\pgfnodeparttwentybox=\box72
\pgfnodepartnineteenbox=\box73
\pgfnodeparteighteenbox=\box74
\pgfnodepartseventeenbox=\box75
\pgfnodepartsixteenbox=\box76
\pgfnodepartfifteenbox=\box77
\pgfnodepartfourteenbox=\box78
\pgfnodepartthirteenbox=\box79
\pgfnodeparttwelvebox=\box80
\pgfnodepartelevenbox=\box81
\pgfnodeparttenbox=\box82
\pgfnodepartninebox=\box83
\pgfnodeparteightbox=\box84
\pgfnodepartsevenbox=\box85
\pgfnodepartsixbox=\box86
\pgfnodepartfivebox=\box87
)))
("C:\Program Files (x86)\MiKTeX 2.9\tex\generic\pgf\frontendlayer\tikz\librarie
s\tikzlibraryarrows.code.tex"
File: tikzlibraryarrows.code.tex 2008/01/09 v3.0.1a (rcs-revision 1.1)

("C:\Program Files (x86)\MiKTeX 2.9\tex\generic\pgf\libraries\pgflibraryarrows.
code.tex"
File: pgflibraryarrows.code.tex 2013/09/23 v3.0.1a (rcs-revision 1.16)
\arrowsize=\dimen196
))
("C:\Program Files (x86)\MiKTeX 2.9\tex\generic\pgf\frontendlayer\tikz\librarie
s\tikzlibrarycalc.code.tex"
File: tikzlibrarycalc.code.tex 2013/07/15 v3.0.1a (rcs-revision 1.9)
)
("C:\Program Files (x86)\MiKTeX 2.9\tex\generic\pgf\frontendlayer\tikz\librarie
s\tikzlibrarypatterns.code.tex"
File: tikzlibrarypatterns.code.tex 2008/01/15 v3.0.1a (rcs-revision 1.2)

("C:\Program Files (x86)\MiKTeX 2.9\tex\generic\pgf\libraries\pgflibrarypattern
s.code.tex"
File: pgflibrarypatterns.code.tex 2008/03/03 v3.0.1a (rcs-revision 1.13)
))
("C:\Program Files (x86)\MiKTeX 2.9\tex\generic\pgf\frontendlayer\tikz\librarie
s\tikzlibrarysnakes.code.tex"
File: tikzlibrarysnakes.code.tex 2013/07/15 v3.0.1a (rcs-revision 1.7)


Package pgf Warning: Snakes have been superseded by decorations. Please use the
 decoration libraries instead of the snakes library on input line 14.


("C:\Program Files (x86)\MiKTeX 2.9\tex\generic\pgf\frontendlayer\tikz\librarie
s\tikzlibrarydecorations.shapes.code.tex"
("C:\Program Files (x86)\MiKTeX 2.9\tex\generic\pgf\libraries\decorations\pgfli
brarydecorations.shapes.code.tex")))
("C:\Program Files (x86)\MiKTeX 2.9\tex\generic\pgf\frontendlayer\tikz\librarie
s\tikzlibrarydecorations.markings.code.tex"
("C:\Program Files (x86)\MiKTeX 2.9\tex\generic\pgf\libraries\decorations\pgfli
brarydecorations.markings.code.tex"))
("C:\Program Files (x86)\MiKTeX 2.9\tex\generic\pgf\frontendlayer\tikz\librarie
s\tikzlibrarypositioning.code.tex"
File: tikzlibrarypositioning.code.tex 2008/10/06 v3.0.1a (rcs-revision 1.7)
) (Fuzzu_d.aux)
LaTeX Font Info:    Checking defaults for OML/cmm/m/it on input line 20.
LaTeX Font Info:    ... okay on input line 20.
LaTeX Font Info:    Checking defaults for T1/cmr/m/n on input line 20.
LaTeX Font Info:    ... okay on input line 20.
LaTeX Font Info:    Checking defaults for OT1/cmr/m/n on input line 20.
LaTeX Font Info:    ... okay on input line 20.
LaTeX Font Info:    Checking defaults for OMS/cmsy/m/n on input line 20.
LaTeX Font Info:    ... okay on input line 20.
LaTeX Font Info:    Checking defaults for OMX/cmex/m/n on input line 20.
LaTeX Font Info:    ... okay on input line 20.
LaTeX Font Info:    Checking defaults for U/cmr/m/n on input line 20.
LaTeX Font Info:    ... okay on input line 20.

("C:\Program Files (x86)\MiKTeX 2.9\tex\context\base\supp-pdf.mkii"
[Loading MPS to PDF converter (version 2006.09.02).]
\scratchcounter=\count156
\scratchdimen=\dimen197
\scratchbox=\box88
\nofMPsegments=\count157
\nofMParguments=\count158
\everyMPshowfont=\toks40
\MPscratchCnt=\count159
\MPscratchDim=\dimen198
\MPnumerator=\count160
\makeMPintoPDFobject=\count161
\everyMPtoPDFconversion=\toks41
) ABD: EveryShipout initializing macros

Package pgfplots Warning: running in backwards compatibility mode (unsuitable t
ick labels; missing features). Consider writing \pgfplotsset{compat=1.13} into 
your preamble.
 on input line 20.


LaTeX Warning: Citation `manuel' on page 1 undefined on input line 50.

Missing character: There is no Ã in font cmti10!
Missing character: There is no © in font cmti10!

LaTeX Warning: Citation `manual' on page 1 undefined on input line 50.


LaTeX Warning: Citation `manuel' on page 1 undefined on input line 74.

<fig/TORCS1.PNG, id=4, 421.575pt x 263.98625pt>
File: fig/TORCS1.PNG Graphic file (type png)
 <use fig/TORCS1.PNG>
Package pdftex.def Info: fig/TORCS1.PNG used on input line 78.
(pdftex.def)             Requested size: 173.56177pt x 108.68217pt.


LaTeX Warning: `!h' float specifier changed to `!ht'.

<fig/voiture.PNG, id=6, 315.20839pt x 280.74115pt>
File: fig/voiture.PNG Graphic file (type png)
 <use fig/voiture.PNG>
Package pdftex.def Info: fig/voiture.PNG used on input line 91.
(pdftex.def)             Requested size: 138.84729pt x 123.66356pt.

<fig/NASCAR.PNG, id=7, 336.88939pt x 269.06677pt>
File: fig/NASCAR.PNG Graphic file (type png)
 <use fig/NASCAR.PNG>
Package pdftex.def Info: fig/NASCAR.PNG used on input line 92.
(pdftex.def)             Requested size: 156.20453pt x 124.76166pt.


LaTeX Warning: `!h' float specifier changed to `!ht'.


LaTeX Warning: `!h' float specifier changed to `!ht'.

<fig/trackexp.PNG, id=8, 480.31754pt x 324.65907pt>
File: fig/trackexp.PNG Graphic file (type png)
 <use fig/trackexp.PNG>
Package pdftex.def Info: fig/trackexp.PNG used on input line 168.
(pdftex.def)             Requested size: 208.27623pt x 140.7797pt.


LaTeX Warning: `!h' float specifier changed to `!ht'.

[1

{C:/Users/MICRO/AppData/Local/MiKTeX/2.9/pdftex/config/pdftex.map}]

LaTeX Warning: Text page 2 contains only floats.

[2 <./fig/TORCS1.PNG> <./fig/voiture.PNG> <./fig/NASCAR.PNG>]

LaTeX Warning: Citation `manual' on page 3 undefined on input line 192.


LaTeX Warning: Citation `Torcs3' on page 3 undefined on input line 194.


LaTeX Warning: Citation `manual' on page 3 undefined on input line 195.


Underfull \hbox (badness 10000) in paragraph at lines 197--198

 []


Underfull \hbox (badness 10000) in paragraph at lines 199--201

 []

[3 <./fig/trackexp.PNG>] <fig/arch2.PNG, id=26, 413.74574pt x 226.446pt>
File: fig/arch2.PNG Graphic file (type png)

<use fig/arch2.PNG>
Package pdftex.def Info: fig/arch2.PNG used on input line 206.
(pdftex.def)             Requested size: 381.838pt x 208.9928pt.

Overfull \hbox (34.71446pt too wide) in paragraph at lines 206--213
 [][] 
 []


LaTeX Warning: Citation `torcs2012' on page 4 undefined on input line 217.


Underfull \hbox (badness 10000) in paragraph at lines 216--218

 []


LaTeX Warning: Citation `manuel' on page 4 undefined on input line 219.


LaTeX Warning: Citation `torcs2' on page 4 undefined on input line 219.


LaTeX Warning: Citation `Torcs3' on page 4 undefined on input line 220.


Underfull \hbox (badness 10000) in paragraph at lines 219--221

 []

LaTeX Font Info:    Try loading font information for OMS+cmr on input line 248.

("C:\Program Files (x86)\MiKTeX 2.9\tex\latex\base\omscmr.fd"
File: omscmr.fd 2014/09/29 v2.5h Standard LaTeX font definitions
)
LaTeX Font Info:    Font shape `OMS/cmr/m/n' in size <9> not available
(Font)              Font shape `OMS/cmsy/m/n' tried instead on input line 248.

Overfull \hbox (5.50946pt too wide) in paragraph at lines 224--282
[][] 
 []


LaTeX Warning: `!h' float specifier changed to `!ht'.

[4 <./fig/arch2.PNG>] <fig/angle1.PNG, id=31, 158.994pt x 107.29315pt>
File: fig/angle1.PNG Graphic file (type png)

<use fig/angle1.PNG>
Package pdftex.def Info: fig/angle1.PNG used on input line 294.
(pdftex.def)             Requested size: 242.98541pt x 163.98116pt.
 [5 <./fig/angle1.PNG>]
<fig/ANGLE.PNG, id=37, 322.43538pt x 95.61877pt>
File: fig/ANGLE.PNG Graphic file (type png)
 <use fig/ANGLE.PNG>
Package pdftex.def Info: fig/ANGLE.PNG used on input line 318.
(pdftex.def)             Requested size: 277.69987pt x 82.35892pt.

<fig/open.PNG, id=38, 166.77692pt x 138.98077pt>
File: fig/open.PNG Graphic file (type png)
 <use fig/open.PNG>
Package pdftex.def Info: fig/open.PNG used on input line 339.
(pdftex.def)             Requested size: 138.84729pt x 115.71239pt.

<fig/oppenes.PNG, id=39, 319.65576pt x 143.98407pt>
File: fig/oppenes.PNG Graphic file (type png)
 <use fig/oppenes.PNG>
Package pdftex.def Info: fig/oppenes.PNG used on input line 340.
(pdftex.def)             Requested size: 138.84729pt x 62.54248pt.

<fig/opendist.PNG, id=40, 166.77692pt x 111.18462pt>
File: fig/opendist.PNG Graphic file (type png)
 <use fig/opendist.PNG>
Package pdftex.def Info: fig/opendist.PNG used on input line 349.
(pdftex.def)             Requested size: 242.98541pt x 162.00073pt.


LaTeX Warning: `!h' float specifier changed to `!ht'.

<fig/CARSEN.PNG, id=41, 500.33076pt x 170.11246pt>
File: fig/CARSEN.PNG Graphic file (type png)
 <use fig/CARSEN.PNG>
Package pdftex.def Info: fig/CARSEN.PNG used on input line 360.
(pdftex.def)             Requested size: 312.40906pt x 106.22137pt.


LaTeX Warning: `!h' float specifier changed to `!ht'.

[6 <./fig/ANGLE.PNG> <./fig/open.PNG> <./fig/oppenes.PNG>]
<fig/Track.PNG, id=45, 322.43538pt x 266.28716pt>
File: fig/Track.PNG Graphic file (type png)
 <use fig/Track.PNG>
Package pdftex.def Info: fig/Track.PNG used on input line 381.
(pdftex.def)             Requested size: 242.98541pt x 200.67784pt.


LaTeX Warning: `!h' float specifier changed to `!ht'.

[7 <./fig/opendist.PNG> <./fig/CARSEN.PNG>]

LaTeX Warning: Citation `torcs2' on page 8 undefined on input line 393.

<fig/position.PNG, id=50, 166.77692pt x 111.18462pt>
File: fig/position.PNG Graphic file (type png)
 <use fig/position.PNG>
Package pdftex.def Info: fig/position.PNG used on input line 396.
(pdftex.def)             Requested size: 242.98541pt x 162.00073pt.

Underfull \hbox (badness 10000) in paragraph at lines 407--408

 []

[8 <./fig/Track.PNG> <./fig/position.PNG>]

LaTeX Warning: Citation `torcs' on page 9 undefined on input line 414.


Overfull \hbox (2.70947pt too wide) in paragraph at lines 419--437
[][] 
 []


LaTeX Warning: Citation `fuzzy' on page 9 undefined on input line 446.

<fig/archicontrole2.PNG, id=54, 526.96875pt x 272.81924pt>
File: fig/archicontrole2.PNG Graphic file (type png)

<use fig/archicontrole2.PNG>
Package pdftex.def Info: fig/archicontrole2.PNG used on input line 451.
(pdftex.def)             Requested size: 312.40906pt x 161.74457pt.
 [9 <./fig/archicontrole2.PNG>]

LaTeX Warning: Citation `fuzzy' on page 10 undefined on input line 470.


LaTeX Warning: Citation `fuzzy2' on page 10 undefined on input line 471.


LaTeX Warning: Citation `torcs' on page 10 undefined on input line 474.


LaTeX Warning: Citation `torcs2' on page 10 undefined on input line 474.


LaTeX Warning: Citation `torcs' on page 10 undefined on input line 475.


Underfull \hbox (badness 10000) in paragraph at lines 474--476

 []


LaTeX Warning: Citation `torcs2' on page 10 undefined on input line 480.


Underfull \hbox (badness 10000) in paragraph at lines 480--481

 []


LaTeX Warning: Citation `torcs2' on page 10 undefined on input line 481.


Underfull \hbox (badness 10000) in paragraph at lines 481--482

 []

[10] <fig/sensor02.PNG, id=61, 219.82124pt x 157.18726pt>
File: fig/sensor02.PNG Graphic file (type png)

<use fig/sensor02.PNG>
Package pdftex.def Info: fig/sensor02.PNG used on input line 494.
(pdftex.def)             Requested size: 242.98541pt x 173.75555pt.
 <fig/speedcible3.PNG, id=62, 526.96875pt x 272.81924pt>
File: fig/speedcible3.PNG Graphic file (type png)

<use fig/speedcible3.PNG>
Package pdftex.def Info: fig/speedcible3.PNG used on input line 515.
(pdftex.def)             Requested size: 277.69987pt x 143.77342pt.


LaTeX Warning: `!h' float specifier changed to `!ht'.


Underfull \hbox (badness 10000) in paragraph at lines 525--526

 []


Underfull \hbox (badness 10000) in paragraph at lines 525--526

 []


LaTeX Warning: Reference `fig32' on page 11 undefined on input line 532.


LaTeX Warning: Reference `fig33' on page 11 undefined on input line 532.


Underfull \hbox (badness 10000) in paragraph at lines 529--534

 []


Underfull \hbox (badness 10000) in paragraph at lines 529--534

 []

[11 <./fig/sensor02.PNG>]
Overfull \hbox (0.93265pt too wide) in paragraph at lines 538--540
\OT1/cmr/m/n/10 Our fuzzy con-troller has 3 in-put val-ues and one out-put: the
 tar-get speed value(See
 []


Overfull \hbox (29.81943pt too wide) in paragraph at lines 576--577
 [] 
 []


Underfull \hbox (badness 10000) in paragraph at lines 586--587

 []

[12 <./fig/speedcible3.PNG>] <fig/sensor22.PNG, id=76, 343.2825pt x 272.217pt>
File: fig/sensor22.PNG Graphic file (type png)

<use fig/sensor22.PNG>
Package pdftex.def Info: fig/sensor22.PNG used on input line 597.
(pdftex.def)             Requested size: 312.40906pt x 247.73445pt.
 <fig/front.PNG, id=77, 458.63654pt x 192.34938pt>
File: fig/front.PNG Graphic file (type png)

<use fig/front.PNG>
Package pdftex.def Info: fig/front.PNG used on input line 598.
(pdftex.def)             Requested size: 312.40906pt x 131.02477pt.
 [13 <./fig/sensor22.PNG> <./fig/front.PNG>]

LaTeX Warning: Reference `forehead' on page 14 undefined on input line 611.


Underfull \hbox (badness 10000) in paragraph at lines 610--613

 []


Overfull \hbox (4.9727pt too wide) in paragraph at lines 619--619
[]\OT1/cmr/m/n/9 Variable
 []


Overfull \hbox (1.35262pt too wide) in paragraph at lines 638--638
[]\OT1/cmr/m/n/9 Output| 
 []

<fig/speed.PNG, id=84, 419.166pt x 221.25739pt>
File: fig/speed.PNG Graphic file (type png)
 <use fig/speed.PNG>
Package pdftex.def Info: fig/speed.PNG used on input line 744.
(pdftex.def)             Requested size: 242.98541pt x 128.26183pt.


LaTeX Warning: `!h' float specifier changed to `!ht'.


Underfull \hbox (badness 10000) in paragraph at lines 755--758

 []


Underfull \hbox (badness 10000) in paragraph at lines 767--770

 []


Underfull \hbox (badness 10000) in paragraph at lines 767--770

 []

[14] [15]
Underfull \hbox (badness 10000) in paragraph at lines 774--777

 []


Underfull \hbox (badness 10000) in paragraph at lines 780--782

 []

<fig/speed2.PNG, id=91, 419.166pt x 221.25739pt>
File: fig/speed2.PNG Graphic file (type png)
 <use fig/speed2.PNG>
Package pdftex.def Info: fig/speed2.PNG used on input line 787.
(pdftex.def)             Requested size: 138.84729pt x 73.29199pt.

Underfull \hbox (badness 10000) in paragraph at lines 797--798

 []

[16 <./fig/speed.PNG> <./fig/speed2.PNG>]
<fig/steercont.PNG, id=96, 493.845pt x 389.95688pt>
File: fig/steercont.PNG Graphic file (type png)
 <use fig/steercont.PNG>
Package pdftex.def Info: fig/steercont.PNG used on input line 804.
(pdftex.def)             Requested size: 173.56177pt x 137.04626pt.

Underfull \hbox (badness 10000) in paragraph at lines 811--812

 []


Underfull \hbox (badness 10000) in paragraph at lines 820--822

 []

<fig/steercible3.PNG, id=97, 526.96875pt x 272.81924pt>
File: fig/steercible3.PNG Graphic file (type png)

<use fig/steercible3.PNG>
Package pdftex.def Info: fig/steercible3.PNG used on input line 831.
(pdftex.def)             Requested size: 242.98541pt x 125.7981pt.


LaTeX Warning: `!h' float specifier changed to `!ht'.


Underfull \hbox (badness 10000) in paragraph at lines 839--840

 []


Underfull \hbox (badness 10000) in paragraph at lines 841--842

 []

[17 <./fig/steercont.PNG>]
Underfull \hbox (badness 10000) in paragraph at lines 853--854

 []


Underfull \hbox (badness 10000) in paragraph at lines 854--855

 []


Underfull \hbox (badness 10000) in paragraph at lines 855--856

 []

<fig/rayon.PNG, id=101, 552.0625pt x 591.20876pt>
File: fig/rayon.PNG Graphic file (type png)
 <use fig/rayon.PNG>
Package pdftex.def Info: fig/rayon.PNG used on input line 864.
(pdftex.def)             Requested size: 138.84729pt x 148.69492pt.

<fig/06.PNG, id=102, 173.448pt x 419.166pt>
File: fig/06.PNG Graphic file (type png)
 <use fig/06.PNG>
Package pdftex.def Info: fig/06.PNG used on input line 865.
(pdftex.def)             Requested size: 69.42365pt x 167.77216pt.


LaTeX Warning: `!h' float specifier changed to `!ht'.

[18 <./fig/steercible3.PNG>]
<fig/virage.PNG, id=107, 661.72218pt x 280.04625pt>
File: fig/virage.PNG Graphic file (type png)
 <use fig/virage.PNG>
Package pdftex.def Info: fig/virage.PNG used on input line 893.
(pdftex.def)             Requested size: 242.98541pt x 102.8335pt.

Underfull \hbox (badness 10000) in paragraph at lines 902--904

 []

<fig/salm2.PNG, id=108, 217.41225pt x 171.64125pt>
File: fig/salm2.PNG Graphic file (type png)
 <use fig/salm2.PNG>
Package pdftex.def Info: fig/salm2.PNG used on input line 910.
(pdftex.def)             Requested size: 312.40906pt x 246.6446pt.


LaTeX Warning: `!h' float specifier changed to `!ht'.

[19 <./fig/rayon.PNG> <./fig/06.PNG> <./fig/virage.PNG>]
Underfull \hbox (badness 10000) in paragraph at lines 942--943

 []


Underfull \vbox (badness 1968) has occurred while \output is active []

 [20 <./fig/salm2.PNG>] <fig/rayon21.PNG, id=119, 539.80132pt x 334.10977pt>
File: fig/rayon21.PNG Graphic file (type png)

<use fig/rayon21.PNG>
Package pdftex.def Info: fig/rayon21.PNG used on input line 957.
(pdftex.def)             Requested size: 312.40906pt x 193.37085pt.

Overfull \hbox (48.1886pt too wide) in paragraph at lines 973--1005
[][] 
 []


LaTeX Warning: `!h' float specifier changed to `!ht'.

<fig/dis.PNG, id=120, 288.52408pt x 283.52077pt>
File: fig/dis.PNG Graphic file (type png)
 <use fig/dis.PNG>
Package pdftex.def Info: fig/dis.PNG used on input line 1044.
(pdftex.def)             Requested size: 138.84729pt x 136.44316pt.

<fig/speed1.PNG, id=121, 265.73123pt x 291.3037pt>
File: fig/speed1.PNG Graphic file (type png)
 <use fig/speed1.PNG>
Package pdftex.def Info: fig/speed1.PNG used on input line 1045.
(pdftex.def)             Requested size: 118.02072pt x 129.37859pt.


LaTeX Warning: `!h' float specifier changed to `!ht'.


Underfull \hbox (badness 10000) in paragraph at lines 1054--1058

 []

[21 <./fig/rayon21.PNG>] [22 <./fig/dis.PNG> <./fig/speed1.PNG>]
<fig/regle.PNG, id=129, 446.96216pt x 291.3037pt>
File: fig/regle.PNG Graphic file (type png)
 <use fig/regle.PNG>
Package pdftex.def Info: fig/regle.PNG used on input line 1062.
(pdftex.def)             Requested size: 208.27623pt x 135.74373pt.

Underfull \hbox (badness 10000) in paragraph at lines 1075--1076

 []


Underfull \hbox (badness 10000) in paragraph at lines 1077--1079

 []

<fig/op.PNG, id=130, 322.43538pt x 162.32954pt>
File: fig/op.PNG Graphic file (type png)
 <use fig/op.PNG>
Package pdftex.def Info: fig/op.PNG used on input line 1097.
(pdftex.def)             Requested size: 208.27623pt x 104.85902pt.


LaTeX Warning: `!h' float specifier changed to `!ht'.


Underfull \hbox (badness 10000) in paragraph at lines 1108--1111

 []

[23 <./fig/regle.PNG>]
Underfull \hbox (badness 10000) in paragraph at lines 1113--1114

 []


Underfull \hbox (badness 10000) in paragraph at lines 1119--1120

 []


Underfull \hbox (badness 10000) in paragraph at lines 1124--1125

 []


Underfull \hbox (badness 10000) in paragraph at lines 1126--1127

 []


Underfull \hbox (badness 10000) in paragraph at lines 1129--1130

 []


Underfull \hbox (badness 10000) in paragraph at lines 1141--1143
[]\OT1/cmr/m/n/9 CG-Speedway
 []


Underfull \hbox (badness 10000) in paragraph at lines 1163--1164
[]\OT1/cmr/m/n/9 simple track
 []


Underfull \hbox (badness 10000) in paragraph at lines 1168--1169
[]\OT1/cmr/m/n/9 rhythmic
 []


Overfull \hbox (11.1094pt too wide) in paragraph at lines 1135--1191
[][] 
 []

[24 <./fig/op.PNG>] <fig/trackresultat.PNG, id=138, 415.83046pt x 322.43538pt>
File: fig/trackresultat.PNG Graphic file (type png)

<use fig/trackresultat.PNG>
Package pdftex.def Info: fig/trackresultat.PNG used on input line 1195.
(pdftex.def)             Requested size: 242.98541pt x 188.40991pt.
 <fig/Eroad.PNG, id=139, 688.23277pt x 333.55385pt>
File: fig/Eroad.PNG Graphic file (type png)

<use fig/Eroad.PNG>
Package pdftex.def Info: fig/Eroad.PNG used on input line 1207.
(pdftex.def)             Requested size: 277.69987pt x 134.58978pt.


LaTeX Warning: `!h' float specifier changed to `!ht'.


Underfull \hbox (badness 10000) in paragraph at lines 1220--1222

 []


Underfull \vbox (badness 1163) has occurred while \output is active []

 [25 <./fig/trackresultat.PNG>] <fig/car1.PNG, id=144, 308.95425pt x 254.1495pt
>
File: fig/car1.PNG Graphic file (type png)

<use fig/car1.PNG>
Package pdftex.def Info: fig/car1.PNG used on input line 1227.
(pdftex.def)             Requested size: 277.69987pt x 228.44934pt.

Underfull \vbox (badness 5161) has occurred while \output is active []

 [26 <./fig/Eroad.PNG> <./fig/car1.PNG>]
Underfull \hbox (badness 2990) in paragraph at lines 1274--1275
[]\OT1/cmr/m/n/9 Opponents con-sid-er-a-tion Tar-get
 []


Underfull \hbox (badness 10000) in paragraph at lines 1283--1284

 []


Underfull \hbox (badness 10000) in paragraph at lines 1290--1292

 []


Underfull \hbox (badness 10000) in paragraph at lines 1293--1295

 []

<fig/classement.PNG, id=150, 290.88675pt x 175.25475pt>
File: fig/classement.PNG Graphic file (type png)

<use fig/classement.PNG>
Package pdftex.def Info: fig/classement.PNG used on input line 1301.
(pdftex.def)             Requested size: 312.40906pt x 188.22668pt.
 [27]
Overfull \hbox (88.15825pt too wide) in paragraph at lines 1313--1382
[][]
 []


Overfull \hbox (39.56216pt too wide) in paragraph at lines 1313--1382
[]
 []


Overfull \hbox (88.15825pt too wide) in paragraph at lines 1313--1382
[]
 []


Overfull \hbox (39.56216pt too wide) in paragraph at lines 1313--1382
[] 
 []


Overfull \hbox (88.15825pt too wide) in paragraph at lines 1383--1449
[][]
 []


Overfull \hbox (39.56216pt too wide) in paragraph at lines 1383--1449
[]
 []


Overfull \hbox (88.15825pt too wide) in paragraph at lines 1383--1449
[]
 []


Overfull \hbox (39.56216pt too wide) in paragraph at lines 1383--1449
[] 
 []


Overfull \hbox (88.15825pt too wide) in paragraph at lines 1450--1456
[][] 
 []


Overfull \hbox (39.56216pt too wide) in paragraph at lines 1457--1484
[][] 
 []


LaTeX Warning: `!h' float specifier changed to `!ht'.

[28 <./fig/classement.PNG>]
<fig/choc1lap.PNG, id=158, 290.88675pt x 152.36925pt>
File: fig/choc1lap.PNG Graphic file (type png)
 <use fig/choc1lap.PNG>
Package pdftex.def Info: fig/choc1lap.PNG used on input line 1490.
(pdftex.def)             Requested size: 312.40906pt x 163.64726pt.


LaTeX Warning: `!h' float specifier changed to `!ht'.

[29]
Underfull \hbox (badness 10000) in paragraph at lines 1505--1506

 []


Overfull \hbox (88.15825pt too wide) in paragraph at lines 1511--1560
[][]
 []


Overfull \hbox (39.56216pt too wide) in paragraph at lines 1511--1560
[]
 []


Overfull \hbox (88.15825pt too wide) in paragraph at lines 1511--1560
[] 
 []


Overfull \hbox (39.56216pt too wide) in paragraph at lines 1561--1604
[][]
 []


Overfull \hbox (88.15825pt too wide) in paragraph at lines 1561--1604
[] 
 []


Overfull \hbox (39.56216pt too wide) in paragraph at lines 1606--1643
[][] 
 []


LaTeX Warning: `!h' float specifier changed to `!ht'.

[30 <./fig/choc1lap.PNG>]
Overfull \hbox (88.15825pt too wide) in paragraph at lines 1646--1686
[][]
 []


Overfull \hbox (39.56216pt too wide) in paragraph at lines 1646--1686
[] 
 []


Overfull \hbox (88.15825pt too wide) in paragraph at lines 1688--1730
[][]
 []


Overfull \hbox (39.56216pt too wide) in paragraph at lines 1688--1730
[] 
 []


LaTeX Warning: `!h' float specifier changed to `!ht'.


Underfull \hbox (badness 10000) in paragraph at lines 1732--1733

 []


Underfull \hbox (badness 10000) in paragraph at lines 1735--1736

 []


Overfull \hbox (88.15825pt too wide) in paragraph at lines 1741--1828
[][]
 []


Overfull \hbox (39.56216pt too wide) in paragraph at lines 1741--1828
[]
 []


Overfull \hbox (88.15825pt too wide) in paragraph at lines 1741--1828
[]
 []


Overfull \hbox (39.56216pt too wide) in paragraph at lines 1741--1828
[] 
 []


Overfull \hbox (88.15825pt too wide) in paragraph at lines 1829--1872
[][]
 []


Overfull \hbox (39.56216pt too wide) in paragraph at lines 1829--1872
[] 
 []


LaTeX Warning: `!h' float specifier changed to `!ht'.

[31]
Overfull \hbox (88.15825pt too wide) in paragraph at lines 1876--1882
[][] 
 []


Overfull \hbox (39.56216pt too wide) in paragraph at lines 1883--1962
[][]
 []


Overfull \hbox (88.15825pt too wide) in paragraph at lines 1883--1962
[]
 []


Overfull \hbox (39.56216pt too wide) in paragraph at lines 1883--1962
[]
 []


LaTeX Warning: `!h' float specifier changed to `!ht'.


Underfull \hbox (badness 10000) in paragraph at lines 1964--1968

 []

[32]

LaTeX Warning: Reference `angleresultat' on page 33 undefined on input line 198
0.


Underfull \hbox (badness 10000) in paragraph at lines 1979--1982

 []


Underfull \hbox (badness 10000) in paragraph at lines 1979--1982

 []

<fig/steertest.PNG, id=173, 273.51416pt x 175.67169pt>
File: fig/steertest.PNG Graphic file (type png)
 <use fig/steertest.PNG>
Package pdftex.def Info: fig/steertest.PNG used on input line 1986.
(pdftex.def)             Requested size: 312.40906pt x 200.66183pt.


LaTeX Warning: `!h' float specifier changed to `!ht'.

<fig/angletest.PNG, id=174, 268.51085pt x 161.77362pt>
File: fig/angletest.PNG Graphic file (type png)
 <use fig/angletest.PNG>
Package pdftex.def Info: fig/angletest.PNG used on input line 1997.
(pdftex.def)             Requested size: 312.40906pt x 188.22772pt.


LaTeX Warning: `!h' float specifier changed to `!ht'.


Overfull \hbox (48.32457pt too wide) in paragraph at lines 2015--2156
[][]
 []


Overfull \hbox (15.50946pt too wide) in paragraph at lines 2015--2156
[]
 []


Overfull \hbox (48.32457pt too wide) in paragraph at lines 2015--2156
[]
 []


Overfull \hbox (15.50946pt too wide) in paragraph at lines 2015--2156
[]
 []


Overfull \hbox (48.32457pt too wide) in paragraph at lines 2015--2156
[]
 []


Overfull \hbox (15.50946pt too wide) in paragraph at lines 2015--2156
[]
 []


Overfull \hbox (48.32457pt too wide) in paragraph at lines 2015--2156
[]
 []


Overfull \hbox (15.50946pt too wide) in paragraph at lines 2015--2156
[]
 []


Overfull \hbox (48.32457pt too wide) in paragraph at lines 2015--2156
[]
 []


Overfull \hbox (15.50946pt too wide) in paragraph at lines 2015--2156
[] 
 []


Underfull \vbox (badness 10000) has occurred while \output is active []

 [33]

LaTeX Warning: `!h' float specifier changed to `!ht'.

[34 <./fig/steertest.PNG>] <fig/AD5Accel.PNG, id=182, 481.8pt x 271.0125pt>
File: fig/AD5Accel.PNG Graphic file (type png)

<use fig/AD5Accel.PNG>
Package pdftex.def Info: fig/AD5Accel.PNG used on input line 2161.
(pdftex.def)             Requested size: 138.84729pt x 78.0995pt.
 <fig/AD1accel.PNG, id=183, 481.8pt x 271.0125pt>
File: fig/AD1accel.PNG Graphic file (type png)

<use fig/AD1accel.PNG>
Package pdftex.def Info: fig/AD1accel.PNG used on input line 2162.
(pdftex.def)             Requested size: 138.84729pt x 78.0995pt.
 <fig/AD5steer.PNG, id=184, 481.8pt x 271.0125pt>
File: fig/AD5steer.PNG Graphic file (type png)

<use fig/AD5steer.PNG>
Package pdftex.def Info: fig/AD5steer.PNG used on input line 2173.
(pdftex.def)             Requested size: 138.84729pt x 78.0995pt.
 <fig/AD1steer.PNG, id=185, 481.8pt x 271.0125pt>
File: fig/AD1steer.PNG Graphic file (type png)

<use fig/AD1steer.PNG>
Package pdftex.def Info: fig/AD1steer.PNG used on input line 2174.
(pdftex.def)             Requested size: 138.84729pt x 78.0995pt.
 <fig/AD1gear.PNG, id=186, 481.8pt x 271.0125pt>
File: fig/AD1gear.PNG Graphic file (type png)

<use fig/AD1gear.PNG>
Package pdftex.def Info: fig/AD1gear.PNG used on input line 2188.
(pdftex.def)             Requested size: 277.69987pt x 156.21141pt.


LaTeX Warning: `!h' float specifier changed to `!ht'.

[35 <./fig/angletest.PNG> <./fig/AD5Accel.PNG> <./fig/AD1accel.PNG> <./fig/AD5s
teer.PNG> <./fig/AD1steer.PNG>]
Overfull \hbox (48.32457pt too wide) in paragraph at lines 2210--2350
[][]
 []


Overfull \hbox (15.50946pt too wide) in paragraph at lines 2210--2350
[]
 []


Overfull \hbox (48.32457pt too wide) in paragraph at lines 2210--2350
[]
 []


Overfull \hbox (15.50946pt too wide) in paragraph at lines 2210--2350
[]
 []


Overfull \hbox (48.32457pt too wide) in paragraph at lines 2210--2350
[]
 []


Overfull \hbox (15.50946pt too wide) in paragraph at lines 2210--2350
[]
 []


Overfull \hbox (48.32457pt too wide) in paragraph at lines 2210--2350
[]
 []


Overfull \hbox (15.50946pt too wide) in paragraph at lines 2210--2350
[]
 []


Overfull \hbox (48.32457pt too wide) in paragraph at lines 2210--2350
[]
 []


Overfull \hbox (15.50946pt too wide) in paragraph at lines 2210--2350
[] 
 []


LaTeX Warning: `!h' float specifier changed to `!ht'.

[36]
Underfull \hbox (badness 10000) in paragraph at lines 2357--2358

 []


Underfull \hbox (badness 10000) in paragraph at lines 2359--2362

 []


Underfull \hbox (badness 2556) in paragraph at lines 2375--2385
[]\OT1/cmr/m/n/9 berwin 1, berwin 2, berwin 3,
 []


Underfull \hbox (badness 2556) in paragraph at lines 2375--2385
\OT1/cmr/m/n/9 berwin 4, berwin 5, berwin 6,
 []


Underfull \hbox (badness 2556) in paragraph at lines 2375--2385
\OT1/cmr/m/n/9 berwin 7, berwin 8, berwin 9,
 []


Underfull \hbox (badness 10000) in paragraph at lines 2420--2431
[]\OT1/cmr/m/n/9 damned1 ,damned2 ,damned3
 []


Underfull \hbox (badness 10000) in paragraph at lines 2420--2431
\OT1/cmr/m/n/9 ,damned4 ,damned5 ,damned6
 []


Underfull \hbox (badness 10000) in paragraph at lines 2420--2431
\OT1/cmr/m/n/9 ,damned7 ,damned8 ,damned9
 []


Underfull \hbox (badness 4569) in paragraph at lines 2444--2454
[]\OT1/cmr/m/n/9 inferno1, in-ferno2, in-ferno3, in-
 []


Overfull \hbox (62.41496pt too wide) in paragraph at lines 2367--2492
[][] 
 []


LaTeX Warning: `!h' float specifier changed to `!ht'.

[37 <./fig/AD1gear.PNG>]
Underfull \hbox (badness 10000) in paragraph at lines 2503--2503
[]\OT1/cmr/bx/n/9 Against
 []


Underfull \hbox (badness 10000) in paragraph at lines 2503--2503
\OT1/cmr/bx/n/9 berwin
 []


Underfull \hbox (badness 7649) in paragraph at lines 2504--2504
[]\OT1/cmr/bx/n/9 Against bt
 []


Underfull \hbox (badness 10000) in paragraph at lines 2505--2505
[]\OT1/cmr/bx/n/9 Against
 []


Underfull \hbox (badness 10000) in paragraph at lines 2505--2505
\OT1/cmr/bx/n/9 damned
 []


Underfull \hbox (badness 2469) in paragraph at lines 2506--2506
[]\OT1/cmr/bx/n/9 Against in-
 []


Underfull \hbox (badness 10000) in paragraph at lines 2513--2513
[]\OT1/cmr/m/n/9 02:40:38+
 []


Underfull \hbox (badness 10000) in paragraph at lines 2513--2515
[]\OT1/cmr/m/n/9 02:18:74 +
 []


Underfull \hbox (badness 10000) in paragraph at lines 2537--2537
[]\OT1/cmr/bx/n/9 CG-SpeedWay
 []


Underfull \hbox (badness 10000) in paragraph at lines 2538--2538
[]\OT1/cmr/bx/n/9 Against
 []


Underfull \hbox (badness 10000) in paragraph at lines 2538--2538
\OT1/cmr/bx/n/9 berwin
 []


Underfull \hbox (badness 7649) in paragraph at lines 2539--2539
[]\OT1/cmr/bx/n/9 Against bt
 []


Underfull \hbox (badness 10000) in paragraph at lines 2540--2540
[]\OT1/cmr/bx/n/9 Against
 []


Underfull \hbox (badness 10000) in paragraph at lines 2540--2540
\OT1/cmr/bx/n/9 damned
 []


Underfull \hbox (badness 2469) in paragraph at lines 2541--2541
[]\OT1/cmr/bx/n/9 Against in-
 []


Underfull \hbox (badness 10000) in paragraph at lines 2548--2548
[]\OT1/cmr/m/n/9 03:39:12 +
 []


Underfull \hbox (badness 10000) in paragraph at lines 2548--2548
[]\OT1/cmr/m/n/9 03:34:00 +
 []


Underfull \hbox (badness 10000) in paragraph at lines 2548--2548
[]\OT1/cmr/m/n/9 03:34:75 +
 []


Overfull \hbox (39.56216pt too wide) in paragraph at lines 2500--2569
[][]
 []


Overfull \hbox (39.56216pt too wide) in paragraph at lines 2500--2569
[] 
 []


Underfull \hbox (badness 10000) in paragraph at lines 2573--2573
[]\OT1/cmr/bx/n/9 Against
 []


Underfull \hbox (badness 10000) in paragraph at lines 2573--2573
\OT1/cmr/bx/n/9 berwin
 []


Underfull \hbox (badness 7649) in paragraph at lines 2574--2574
[]\OT1/cmr/bx/n/9 Against bt
 []


Underfull \hbox (badness 10000) in paragraph at lines 2575--2575
[]\OT1/cmr/bx/n/9 Against
 []


Underfull \hbox (badness 10000) in paragraph at lines 2575--2575
\OT1/cmr/bx/n/9 damned
 []


Underfull \hbox (badness 2469) in paragraph at lines 2576--2576
[]\OT1/cmr/bx/n/9 Against in-
 []


Underfull \hbox (badness 10000) in paragraph at lines 2583--2583
[]\OT1/cmr/m/n/9 06:14:64
 []


Underfull \hbox (badness 10000) in paragraph at lines 2583--2583
[]\OT1/cmr/m/n/9 06:13:26 +2
 []


Underfull \hbox (badness 10000) in paragraph at lines 2583--2583
[]\OT1/cmr/m/n/9 04:50:42
 []


Underfull \hbox (badness 10000) in paragraph at lines 2583--2585
[]\OT1/cmr/m/n/9 04:56:16
 []


Overfull \hbox (39.56216pt too wide) in paragraph at lines 2570--2605
[][] 
 []


LaTeX Warning: `!h' float specifier changed to `!ht'.

[38]
Underfull \hbox (badness 10000) in paragraph at lines 2611--2611
[]\OT1/cmr/bx/n/9 Against
 []


Underfull \hbox (badness 10000) in paragraph at lines 2611--2611
\OT1/cmr/bx/n/9 berwin
 []


Underfull \hbox (badness 7649) in paragraph at lines 2612--2612
[]\OT1/cmr/bx/n/9 Against bt
 []


Underfull \hbox (badness 10000) in paragraph at lines 2613--2613
[]\OT1/cmr/bx/n/9 Against
 []


Underfull \hbox (badness 10000) in paragraph at lines 2613--2613
\OT1/cmr/bx/n/9 damned
 []


Underfull \hbox (badness 2469) in paragraph at lines 2614--2614
[]\OT1/cmr/bx/n/9 Against in-
 []


Underfull \hbox (badness 10000) in paragraph at lines 2621--2621
[]\OT1/cmr/m/n/9 8:07:39 +
 []


Underfull \hbox (badness 10000) in paragraph at lines 2621--2621
[]\OT1/cmr/m/n/9 08:09:42 +
 []


Overfull \hbox (39.56216pt too wide) in paragraph at lines 2608--2643
[][] 
 []


Underfull \hbox (badness 10000) in paragraph at lines 2648--2648
[]\OT1/cmr/bx/n/9 Against
 []


Underfull \hbox (badness 10000) in paragraph at lines 2648--2648
\OT1/cmr/bx/n/9 berwin
 []


Underfull \hbox (badness 7649) in paragraph at lines 2649--2649
[]\OT1/cmr/bx/n/9 Against bt
 []


Underfull \hbox (badness 10000) in paragraph at lines 2650--2650
[]\OT1/cmr/bx/n/9 Against
 []


Underfull \hbox (badness 10000) in paragraph at lines 2650--2650
\OT1/cmr/bx/n/9 damned
 []


Underfull \hbox (badness 2469) in paragraph at lines 2651--2651
[]\OT1/cmr/bx/n/9 Against in-
 []


Underfull \hbox (badness 10000) in paragraph at lines 2658--2658
[]\OT1/cmr/m/n/9 03:03:41+ 5
 []


Underfull \hbox (badness 10000) in paragraph at lines 2658--2660
[]\OT1/cmr/m/n/9 02:48:12+ 4
 []


Overfull \hbox (39.56216pt too wide) in paragraph at lines 2645--2676
[][] 
 []


LaTeX Warning: `!h' float specifier changed to `!ht'.


Underfull \hbox (badness 10000) in paragraph at lines 2679--2681

 []


Underfull \hbox (badness 10000) in paragraph at lines 2682--2684

 []


Underfull \hbox (badness 10000) in paragraph at lines 2685--2687

 []


LaTeX Warning: Reference `damages1' on page 39 undefined on input line 2688.

[39] <fig/damageRace.PNG, id=209, 667.293pt x 520.344pt>
File: fig/damageRace.PNG Graphic file (type png)

<use fig/damageRace.PNG>
Package pdftex.def Info: fig/damageRace.PNG used on input line 2694.
(pdftex.def)             Requested size: 347.12354pt x 270.68364pt.


LaTeX Warning: `!h' float specifier changed to `!ht'.


Underfull \hbox (badness 10000) in paragraph at lines 2702--2703

 []

<fig/SpeedRace.PNG, id=210, 650.43pt x 513.117pt>
File: fig/SpeedRace.PNG Graphic file (type png)
 <use fig/SpeedRace.PNG>
Package pdftex.def Info: fig/SpeedRace.PNG used on input line 2707.
(pdftex.def)             Requested size: 381.838pt x 301.23314pt.

Overfull \hbox (34.71446pt too wide) in paragraph at lines 2707--2713
 [][] 
 []


LaTeX Warning: `!h' float specifier changed to `!ht'.


Underfull \hbox (badness 10000) in paragraph at lines 2717--2718

 []

[40]
Underfull \hbox (badness 10000) in paragraph at lines 2739--2739
[]\OT1/cmr/m/n/9 01:45:26 +
 []


Underfull \hbox (badness 10000) in paragraph at lines 2739--2739
[]\OT1/cmr/m/n/9 01:45:26 +
 []


Underfull \hbox (badness 10000) in paragraph at lines 2739--2739
[]\OT1/cmr/m/n/9 1:45:26 +
 []


Underfull \hbox (badness 10000) in paragraph at lines 2739--2741
[]\OT1/cmr/m/n/9 1:45:26 +
 []


Overfull \hbox (39.56216pt too wide) in paragraph at lines 2725--2761
[][] 
 []


Underfull \hbox (badness 10000) in paragraph at lines 2786--2786
[]\OT1/cmr/m/n/9 01:40:59+
 []


Underfull \hbox (badness 10000) in paragraph at lines 2786--2786
[]\OT1/cmr/m/n/9 01:40:59 +
 []


Underfull \hbox (badness 10000) in paragraph at lines 2786--2786
[]\OT1/cmr/m/n/9 01:40:59 +
 []


Underfull \hbox (badness 10000) in paragraph at lines 2786--2788
[]\OT1/cmr/m/n/9 01:40:59 +
 []


Overfull \hbox (39.56216pt too wide) in paragraph at lines 2772--2808
[][] 
 []

[41] [42 <./fig/damageRace.PNG>]
Underfull \hbox (badness 10000) in paragraph at lines 2834--2834
[]\OT1/cmr/m/n/9 01:44:81+
 []


Underfull \hbox (badness 10000) in paragraph at lines 2834--2834
[]\OT1/cmr/m/n/9 01:44:81+
 []


Underfull \hbox (badness 10000) in paragraph at lines 2834--2834
[]\OT1/cmr/m/n/9 01:40:59 +
 []


Underfull \hbox (badness 10000) in paragraph at lines 2834--2836
[]\OT1/cmr/m/n/9 01:40:59 +
 []


Overfull \hbox (39.56216pt too wide) in paragraph at lines 2820--2856
[][] 
 []


Underfull \hbox (badness 10000) in paragraph at lines 2877--2877
[]\OT1/cmr/m/n/9 01:39:28
 []


Underfull \hbox (badness 10000) in paragraph at lines 2877--2877
[]\OT1/cmr/m/n/9 01:39:28 +
 []


Underfull \hbox (badness 10000) in paragraph at lines 2877--2877
[]\OT1/cmr/m/n/9 01:39:28 +
 []


Underfull \hbox (badness 10000) in paragraph at lines 2877--2879
[]\OT1/cmr/m/n/9 01:39:28 +
 []


Overfull \hbox (39.56216pt too wide) in paragraph at lines 2863--2899
[][] 
 []

[43 <./fig/SpeedRace.PNG>]
Overfull \hbox (1.8665pt too wide) in paragraph at lines 2922--2922
[]\OT1/cmr/m/n/9 1621,73| 
 []


Overfull \hbox (1.8665pt too wide) in paragraph at lines 2922--2922
[]\OT1/cmr/m/n/9 3243,46| 
 []


Overfull \hbox (1.8665pt too wide) in paragraph at lines 2922--2922
[]\OT1/cmr/m/n/9 4865,19| 
 []


Overfull \hbox (1.8665pt too wide) in paragraph at lines 2922--2922
[]\OT1/cmr/m/n/9 6486,92| 
 []


Overfull \hbox (1.8665pt too wide) in paragraph at lines 2922--2923
[]\OT1/cmr/m/n/9 8108,65| 
 []


Overfull \hbox (1.8665pt too wide) in paragraph at lines 2923--2925
[]\OT1/cmr/m/n/9 32434,6| 
 []


Overfull \hbox (2.25659pt too wide) in paragraph at lines 2917--2943
[][]
 []


Overfull \hbox (1.8665pt too wide) in paragraph at lines 2949--2949
[]\OT1/cmr/m/n/9 1621,73| 
 []


Overfull \hbox (1.8665pt too wide) in paragraph at lines 2949--2949
[]\OT1/cmr/m/n/9 3243,46| 
 []


Overfull \hbox (1.8665pt too wide) in paragraph at lines 2949--2949
[]\OT1/cmr/m/n/9 4865,19| 
 []


Overfull \hbox (1.8665pt too wide) in paragraph at lines 2949--2949
[]\OT1/cmr/m/n/9 6486,92| 
 []


Overfull \hbox (1.8665pt too wide) in paragraph at lines 2949--2950
[]\OT1/cmr/m/n/9 8108,65| 
 []


Overfull \hbox (1.8665pt too wide) in paragraph at lines 2950--2952
[]\OT1/cmr/m/n/9 32434,6| 
 []


Overfull \hbox (2.25659pt too wide) in paragraph at lines 2944--2963
[][] 
 []

[44]
No file Fuzzu_d.bbl.
(Fuzzu_d.aux)

LaTeX Warning: There were undefined references.

 ) 
Here is how much of TeX's memory you used:
 24479 strings out of 493673
 639609 string characters out of 3141530
 831211 words of memory out of 3000000
 27368 multiletter control sequences out of 15000+200000
 7936 words of font info for 29 fonts, out of 3000000 for 9000
 1025 hyphenation exceptions out of 8191
 62i,12n,77p,721b,869s stack positions out of 5000i,500n,10000p,200000b,50000s
<C:/Program Files (x86)/MiKTeX 2.9/fonts/type1/public/amsfonts/cm/cmbx10.pfb>
<C:/Program Files (x86)/MiKTeX 2.9/fonts/type1/public/amsfonts/cm/cmbx12.pfb><C
:/Program Files (x86)/MiKTeX 2.9/fonts/type1/public/amsfonts/cm/cmbx9.pfb><C:/P
rogram Files (x86)/MiKTeX 2.9/fonts/type1/public/amsfonts/cm/cmmi10.pfb><C:/Pro
gram Files (x86)/MiKTeX 2.9/fonts/type1/public/amsfonts/cm/cmmi5.pfb><C:/Progra
m Files (x86)/MiKTeX 2.9/fonts/type1/public/amsfonts/cm/cmmi7.pfb><C:/Program F
iles (x86)/MiKTeX 2.9/fonts/type1/public/amsfonts/cm/cmmi9.pfb><C:/Program File
s (x86)/MiKTeX 2.9/fonts/type1/public/amsfonts/cm/cmr10.pfb><C:/Program Files (
x86)/MiKTeX 2.9/fonts/type1/public/amsfonts/cm/cmr7.pfb><C:/Program Files (x86)
/MiKTeX 2.9/fonts/type1/public/amsfonts/cm/cmr9.pfb><C:/Program Files (x86)/MiK
TeX 2.9/fonts/type1/public/amsfonts/cm/cmsy10.pfb><C:/Program Files (x86)/MiKTe
X 2.9/fonts/type1/public/amsfonts/cm/cmsy7.pfb><C:/Program Files (x86)/MiKTeX 2
.9/fonts/type1/public/amsfonts/cm/cmsy9.pfb><C:/Program Files (x86)/MiKTeX 2.9/
fonts/type1/public/amsfonts/cm/cmti10.pfb>
Output written on Fuzzu_d.pdf (44 pages, 5566583 bytes).
PDF statistics:
 275 PDF objects out of 1000 (max. 8388607)
 0 named destinations out of 1000 (max. 500000)
 238 words of extra memory for PDF output out of 10000 (max. 10000000)

